mode: set
github.com/scangel/gotraining/01/internal/crypto/crypto.go:15.44,18.2 2 1
github.com/scangel/gotraining/01/internal/crypto/crypto.go:20.66,24.16 3 1
github.com/scangel/gotraining/01/internal/crypto/crypto.go:24.16,26.3 1 0
github.com/scangel/gotraining/01/internal/crypto/crypto.go:28.2,29.16 2 1
github.com/scangel/gotraining/01/internal/crypto/crypto.go:29.16,31.3 1 0
github.com/scangel/gotraining/01/internal/crypto/crypto.go:33.2,34.59 2 1
github.com/scangel/gotraining/01/internal/crypto/crypto.go:34.59,36.3 1 0
github.com/scangel/gotraining/01/internal/crypto/crypto.go:38.2,39.59 2 1
github.com/scangel/gotraining/01/internal/crypto/crypto.go:42.75,46.16 3 1
github.com/scangel/gotraining/01/internal/crypto/crypto.go:46.16,48.3 1 1
github.com/scangel/gotraining/01/internal/crypto/crypto.go:50.2,51.16 2 1
github.com/scangel/gotraining/01/internal/crypto/crypto.go:51.16,53.3 1 0
github.com/scangel/gotraining/01/internal/crypto/crypto.go:55.2,56.16 2 1
github.com/scangel/gotraining/01/internal/crypto/crypto.go:56.16,58.3 1 0
github.com/scangel/gotraining/01/internal/crypto/crypto.go:60.2,61.33 2 1
github.com/scangel/gotraining/01/internal/crypto/crypto.go:61.33,63.3 1 1
github.com/scangel/gotraining/01/internal/crypto/crypto.go:65.2,67.16 3 1
github.com/scangel/gotraining/01/internal/crypto/crypto.go:67.16,69.3 1 1
github.com/scangel/gotraining/01/internal/crypto/crypto.go:71.2,71.23 1 1
github.com/scangel/gotraining/01/internal/crypto/crypto.go:74.52,78.2 3 1
github.com/scangel/gotraining/01/internal/crypto/crypto.go:80.52,84.2 3 1
github.com/scangel/gotraining/01/internal/crypto/crypto.go:86.49,89.16 3 1
github.com/scangel/gotraining/01/internal/crypto/crypto.go:89.16,91.3 1 0
github.com/scangel/gotraining/01/internal/crypto/crypto.go:92.2,92.15 1 1
github.com/scangel/gotraining/01/internal/crypto/crypto.go:95.35,97.16 2 1
github.com/scangel/gotraining/01/internal/crypto/crypto.go:97.16,99.3 1 0
github.com/scangel/gotraining/01/internal/crypto/crypto.go:100.2,100.50 1 1
github.com/scangel/gotraining/01/auth.go:29.74,34.2 1 1
github.com/scangel/gotraining/01/auth.go:36.50,39.2 2 0
github.com/scangel/gotraining/01/auth.go:41.67,60.2 4 0
github.com/scangel/gotraining/01/auth.go:62.71,77.2 4 0
github.com/scangel/gotraining/01/auth.go:79.79,80.109 1 0
github.com/scangel/gotraining/01/auth.go:80.109,81.58 1 0
github.com/scangel/gotraining/01/auth.go:81.58,83.4 1 0
github.com/scangel/gotraining/01/auth.go:84.3,84.36 1 0
github.com/scangel/gotraining/01/auth.go:87.2,87.16 1 0
github.com/scangel/gotraining/01/auth.go:87.16,89.3 1 0
github.com/scangel/gotraining/01/auth.go:91.2,91.66 1 0
github.com/scangel/gotraining/01/auth.go:91.66,93.3 1 0
github.com/scangel/gotraining/01/auth.go:95.2,95.41 1 0
github.com/scangel/gotraining/01/auth.go:98.78,100.2 1 0
github.com/scangel/gotraining/01/config.go:30.47,32.16 2 0
github.com/scangel/gotraining/01/config.go:32.16,34.3 1 0
github.com/scangel/gotraining/01/config.go:35.2,39.48 4 0
github.com/scangel/gotraining/01/config.go:39.48,41.3 1 0
github.com/scangel/gotraining/01/config.go:43.2,43.21 1 0
github.com/scangel/gotraining/01/main.go:5.13,7.16 2 0
github.com/scangel/gotraining/01/main.go:7.16,9.3 1 0
github.com/scangel/gotraining/01/main.go:11.2,12.16 2 0
github.com/scangel/gotraining/01/main.go:12.16,14.3 1 0
github.com/scangel/gotraining/01/main.go:16.2,16.27 1 0
github.com/scangel/gotraining/01/server.go:20.49,22.16 2 1
github.com/scangel/gotraining/01/server.go:22.16,24.3 1 0
github.com/scangel/gotraining/01/server.go:26.2,29.16 3 1
github.com/scangel/gotraining/01/server.go:29.16,31.3 1 0
github.com/scangel/gotraining/01/server.go:33.2,42.15 3 1
github.com/scangel/gotraining/01/server.go:45.68,46.71 1 0
github.com/scangel/gotraining/01/server.go:46.71,51.3 4 0
github.com/scangel/gotraining/01/server.go:55.76,56.54 1 0
github.com/scangel/gotraining/01/server.go:56.54,58.17 2 0
github.com/scangel/gotraining/01/server.go:58.17,61.4 2 0
github.com/scangel/gotraining/01/server.go:63.3,64.17 2 0
github.com/scangel/gotraining/01/server.go:64.17,67.4 2 0
github.com/scangel/gotraining/01/server.go:70.3,74.40 3 0
github.com/scangel/gotraining/01/server.go:78.32,88.12 3 0
github.com/scangel/gotraining/01/server.go:88.12,89.27 1 0
github.com/scangel/gotraining/01/server.go:89.27,92.4 2 0
github.com/scangel/gotraining/01/server.go:92.9,95.4 2 0
github.com/scangel/gotraining/01/server.go:99.2,99.9 1 0
github.com/scangel/gotraining/01/server.go:100.29,101.45 1 0
github.com/scangel/gotraining/01/server.go:102.22,109.43 4 0
github.com/scangel/gotraining/01/server.go:109.43,113.4 2 0
github.com/scangel/gotraining/01/server.go:114.3,115.13 2 0
github.com/scangel/gotraining/01/session.go:23.61,33.47 3 1
github.com/scangel/gotraining/01/session.go:33.47,35.3 1 0
github.com/scangel/gotraining/01/session.go:37.2,40.8 1 1
github.com/scangel/gotraining/01/session.go:44.88,45.14 1 0
github.com/scangel/gotraining/01/session.go:45.14,47.3 1 0
github.com/scangel/gotraining/01/session.go:49.2,50.16 2 0
github.com/scangel/gotraining/01/session.go:50.16,52.3 1 0
github.com/scangel/gotraining/01/session.go:54.2,56.16 3 0
github.com/scangel/gotraining/01/session.go:56.16,58.3 1 0
github.com/scangel/gotraining/01/session.go:60.2,60.23 1 0
github.com/scangel/gotraining/01/session.go:64.69,67.22 3 0
github.com/scangel/gotraining/01/session.go:67.22,69.3 1 0
github.com/scangel/gotraining/01/session.go:70.2,70.16 1 0
github.com/scangel/gotraining/01/session.go:70.16,72.3 1 0
github.com/scangel/gotraining/01/session.go:74.2,74.20 1 0
github.com/scangel/gotraining/01/session.go:78.62,81.16 3 0
github.com/scangel/gotraining/01/session.go:81.16,83.3 1 0
github.com/scangel/gotraining/01/session.go:85.2,85.12 1 0
github.com/scangel/gotraining/01/session.go:89.82,90.14 1 0
github.com/scangel/gotraining/01/session.go:90.14,92.3 1 0
github.com/scangel/gotraining/01/session.go:94.2,96.16 3 0
github.com/scangel/gotraining/01/session.go:96.16,98.3 1 0
github.com/scangel/gotraining/01/session.go:100.2,100.12 1 0
github.com/scangel/gotraining/01/session.go:104.38,106.2 1 0
github.com/scangel/gotraining/01/session.go:109.42,111.44 2 0
github.com/scangel/gotraining/01/session.go:111.44,113.3 1 0
github.com/scangel/gotraining/01/session.go:114.2,114.39 1 0
github.com/scangel/gotraining/01/userstore.go:34.85,36.27 2 1
github.com/scangel/gotraining/01/userstore.go:36.27,38.3 1 1
github.com/scangel/gotraining/01/userstore.go:40.2,40.47 1 1
github.com/scangel/gotraining/01/userstore.go:40.47,42.3 1 0
github.com/scangel/gotraining/01/userstore.go:44.2,52.37 3 1
github.com/scangel/gotraining/01/userstore.go:52.37,53.26 1 1
github.com/scangel/gotraining/01/userstore.go:53.26,55.4 1 0
github.com/scangel/gotraining/01/userstore.go:56.3,56.38 1 1
github.com/scangel/gotraining/01/userstore.go:56.38,58.4 1 0
github.com/scangel/gotraining/01/userstore.go:61.2,61.19 1 1
github.com/scangel/gotraining/01/userstore.go:64.34,66.16 2 1
github.com/scangel/gotraining/01/userstore.go:66.16,68.3 1 1
github.com/scangel/gotraining/01/userstore.go:70.2,70.20 1 0
github.com/scangel/gotraining/01/userstore.go:70.20,72.3 1 0
github.com/scangel/gotraining/01/userstore.go:74.2,75.16 2 0
github.com/scangel/gotraining/01/userstore.go:75.16,77.3 1 0
github.com/scangel/gotraining/01/userstore.go:79.2,79.44 1 0
github.com/scangel/gotraining/01/userstore.go:82.34,84.16 2 1
github.com/scangel/gotraining/01/userstore.go:84.16,86.3 1 0
github.com/scangel/gotraining/01/userstore.go:88.2,89.16 2 1
github.com/scangel/gotraining/01/userstore.go:89.16,91.3 1 0
github.com/scangel/gotraining/01/userstore.go:93.2,93.58 1 1
github.com/scangel/gotraining/01/userstore.go:96.81,100.28 3 0
github.com/scangel/gotraining/01/userstore.go:100.28,101.29 1 0
github.com/scangel/gotraining/01/userstore.go:101.29,103.4 1 0
github.com/scangel/gotraining/01/userstore.go:104.3,104.23 1 0
github.com/scangel/gotraining/01/userstore.go:104.23,106.4 1 0
github.com/scangel/gotraining/01/userstore.go:109.2,110.16 2 0
github.com/scangel/gotraining/01/userstore.go:110.16,112.3 1 0
github.com/scangel/gotraining/01/userstore.go:114.2,115.16 2 0
github.com/scangel/gotraining/01/userstore.go:115.16,117.3 1 0
github.com/scangel/gotraining/01/userstore.go:119.2,130.33 3 0
github.com/scangel/gotraining/01/userstore.go:130.33,132.3 1 0
github.com/scangel/gotraining/01/userstore.go:134.2,134.18 1 0
github.com/scangel/gotraining/01/userstore.go:137.71,141.31 3 0
github.com/scangel/gotraining/01/userstore.go:141.31,142.32 1 0
github.com/scangel/gotraining/01/userstore.go:142.32,144.4 1 0
github.com/scangel/gotraining/01/userstore.go:147.2,147.42 1 0
github.com/scangel/gotraining/01/userstore.go:150.59,155.13 4 0
github.com/scangel/gotraining/01/userstore.go:155.13,157.3 1 0
github.com/scangel/gotraining/01/userstore.go:159.2,159.18 1 0
github.com/scangel/gotraining/01/userstore.go:162.80,164.16 2 0
github.com/scangel/gotraining/01/userstore.go:164.16,166.3 1 0
github.com/scangel/gotraining/01/userstore.go:168.2,168.60 1 0
github.com/scangel/gotraining/01/userstore.go:168.60,170.3 1 0
github.com/scangel/gotraining/01/userstore.go:172.2,172.18 1 0
github.com/scangel/gotraining/01/webapi.go:28.27,47.2 13 1
github.com/scangel/gotraining/01/webapi.go:49.69,51.2 1 1
github.com/scangel/gotraining/01/webapi.go:53.70,55.16 2 1
github.com/scangel/gotraining/01/webapi.go:55.16,57.3 1 1
github.com/scangel/gotraining/01/webapi.go:58.2,58.38 1 1
github.com/scangel/gotraining/01/webapi.go:61.71,64.2 2 1
github.com/scangel/gotraining/01/webapi.go:66.70,68.2 1 0
github.com/scangel/gotraining/01/webapi.go:70.71,71.38 1 1
github.com/scangel/gotraining/01/webapi.go:71.38,75.13 3 1
github.com/scangel/gotraining/01/webapi.go:75.13,78.4 2 1
github.com/scangel/gotraining/01/webapi.go:79.3,79.9 1 1
github.com/scangel/gotraining/01/webapi.go:82.2,82.74 1 1
github.com/scangel/gotraining/01/webapi.go:85.71,87.16 2 0
github.com/scangel/gotraining/01/webapi.go:87.16,90.3 2 0
github.com/scangel/gotraining/01/webapi.go:93.2,93.67 1 0
github.com/scangel/gotraining/01/webapi.go:93.67,95.3 1 0
github.com/scangel/gotraining/01/webapi.go:98.2,109.4 3 0
github.com/scangel/gotraining/01/webapi.go:112.74,130.2 3 0
github.com/scangel/gotraining/01/webapi.go:132.70,133.33 1 0
github.com/scangel/gotraining/01/webapi.go:133.33,136.3 2 0
github.com/scangel/gotraining/01/webapi.go:138.2,138.38 1 0
github.com/scangel/gotraining/01/webapi.go:138.38,141.3 2 0
github.com/scangel/gotraining/01/webapi.go:143.2,147.29 4 0
github.com/scangel/gotraining/01/webapi.go:147.29,150.3 2 0
github.com/scangel/gotraining/01/webapi.go:152.2,153.16 2 0
github.com/scangel/gotraining/01/webapi.go:153.16,156.3 2 0
github.com/scangel/gotraining/01/webapi.go:158.2,159.16 2 0
github.com/scangel/gotraining/01/webapi.go:159.16,162.3 2 0
github.com/scangel/gotraining/01/webapi.go:164.2,165.16 2 0
github.com/scangel/gotraining/01/webapi.go:165.16,168.3 2 0
github.com/scangel/gotraining/01/webapi.go:171.2,172.16 2 0
github.com/scangel/gotraining/01/webapi.go:172.16,175.3 2 0
github.com/scangel/gotraining/01/webapi.go:178.2,196.37 4 0
github.com/scangel/gotraining/01/webapi.go:199.73,201.22 2 0
github.com/scangel/gotraining/01/webapi.go:201.22,204.3 2 0
github.com/scangel/gotraining/01/webapi.go:206.2,208.16 3 0
github.com/scangel/gotraining/01/webapi.go:208.16,211.3 2 0
github.com/scangel/gotraining/01/webapi.go:213.2,214.16 2 0
github.com/scangel/gotraining/01/webapi.go:214.16,217.3 2 0
github.com/scangel/gotraining/01/webapi.go:219.2,227.37 3 0
github.com/scangel/gotraining/01/webapi.go:230.73,231.33 1 0
github.com/scangel/gotraining/01/webapi.go:231.33,234.3 2 0
github.com/scangel/gotraining/01/webapi.go:236.2,242.61 2 0
github.com/scangel/gotraining/01/webapi.go:242.61,245.3 2 0
github.com/scangel/gotraining/01/webapi.go:247.2,248.16 2 0
github.com/scangel/gotraining/01/webapi.go:248.16,251.3 2 0
github.com/scangel/gotraining/01/webapi.go:253.2,261.37 4 0
github.com/scangel/gotraining/01/webapi.go:264.74,266.2 1 0
